<?xml version="1.0" encoding="UTF-8"?>
<!-- Generated by org.testng.reporters.JUnitXMLReporter -->
<testsuite ignored="0" hostname="ZSCHN01LP0032" failures="0" tests="4" name="Default test" time="5.764" errors="0" timestamp="2024-02-15T10:32:03 IST">
  <testcase classname="testScripts.Article_Test" name="loginTest" time="0.692"/>
  <testcase classname="testScripts.Article_Test" name="newArticle" time="0.97"/>
  <testcase classname="testScripts.Article_Test" name="update_Article" time="0.966"/>
  <testcase classname="testScripts.Article_Test" name="delete_Article" time="0.05"/>
</testsuite> <!-- Default test -->
