<?xml version="1.0" encoding="UTF-8"?>
<testng-results ignored="0" total="4" passed="4" failed="0" skipped="0">
  <reporter-output>
  </reporter-output>
  <suite started-at="2024-02-15T21:13:40 IST" name="Default suite" finished-at="2024-02-15T21:13:48 IST" duration-ms="7826">
    <groups>
    </groups>
    <test started-at="2024-02-15T21:13:40 IST" name="Default test" finished-at="2024-02-15T21:13:48 IST" duration-ms="7826">
      <class name="testScripts.Article_Test">
        <test-method is-config="true" signature="setup()[pri:0, instance:testScripts.Article_Test@4fdf8f12]" started-at="2024-02-15T21:13:40 IST" name="setup" finished-at="2024-02-15T21:13:42 IST" duration-ms="2098" status="PASS">
          <reporter-output>
          </reporter-output>
        </test-method> <!-- setup -->
        <test-method is-config="true" signature="setupExtent()[pri:0, instance:testScripts.Article_Test@4fdf8f12]" started-at="2024-02-15T21:13:42 IST" name="setupExtent" finished-at="2024-02-15T21:13:43 IST" duration-ms="439" status="PASS">
          <reporter-output>
          </reporter-output>
        </test-method> <!-- setupExtent -->
        <test-method signature="loginTest()[pri:1, instance:testScripts.Article_Test@4fdf8f12]" started-at="2024-02-15T21:13:43 IST" name="loginTest" finished-at="2024-02-15T21:13:44 IST" duration-ms="851" status="PASS">
          <reporter-output>
          </reporter-output>
        </test-method> <!-- loginTest -->
        <test-method is-config="true" signature="teardown(org.testng.ITestResult)[pri:0, instance:testScripts.Article_Test@4fdf8f12]" started-at="2024-02-15T21:13:44 IST" name="teardown" finished-at="2024-02-15T21:13:44 IST" duration-ms="10" status="PASS">
          <params>
            <param index="0">
              <value>
                <![CDATA[[TestResult name=loginTest status=SUCCESS method=Article_Test.loginTest()[pri:1, instance:testScripts.Article_Test@4fdf8f12] output={null}]]]>
              </value>
            </param>
          </params>
          <reporter-output>
          </reporter-output>
        </test-method> <!-- teardown -->
        <test-method signature="newArticle()[pri:2, instance:testScripts.Article_Test@4fdf8f12]" started-at="2024-02-15T21:13:44 IST" name="newArticle" finished-at="2024-02-15T21:13:45 IST" duration-ms="1150" status="PASS">
          <reporter-output>
          </reporter-output>
        </test-method> <!-- newArticle -->
        <test-method is-config="true" signature="teardown(org.testng.ITestResult)[pri:0, instance:testScripts.Article_Test@4fdf8f12]" started-at="2024-02-15T21:13:45 IST" name="teardown" finished-at="2024-02-15T21:13:45 IST" duration-ms="2" status="PASS">
          <params>
            <param index="0">
              <value>
                <![CDATA[[TestResult name=newArticle status=SUCCESS method=Article_Test.newArticle()[pri:2, instance:testScripts.Article_Test@4fdf8f12] output={null}]]]>
              </value>
            </param>
          </params>
          <reporter-output>
          </reporter-output>
        </test-method> <!-- teardown -->
        <test-method signature="update_Article()[pri:3, instance:testScripts.Article_Test@4fdf8f12]" started-at="2024-02-15T21:13:45 IST" name="update_Article" finished-at="2024-02-15T21:13:47 IST" duration-ms="1850" status="PASS">
          <reporter-output>
          </reporter-output>
        </test-method> <!-- update_Article -->
        <test-method is-config="true" signature="teardown(org.testng.ITestResult)[pri:0, instance:testScripts.Article_Test@4fdf8f12]" started-at="2024-02-15T21:13:47 IST" name="teardown" finished-at="2024-02-15T21:13:47 IST" duration-ms="0" status="PASS">
          <params>
            <param index="0">
              <value>
                <![CDATA[[TestResult name=update_Article status=SUCCESS method=Article_Test.update_Article()[pri:3, instance:testScripts.Article_Test@4fdf8f12] output={null}]]]>
              </value>
            </param>
          </params>
          <reporter-output>
          </reporter-output>
        </test-method> <!-- teardown -->
        <test-method signature="delete_Article()[pri:4, instance:testScripts.Article_Test@4fdf8f12]" started-at="2024-02-15T21:13:47 IST" name="delete_Article" finished-at="2024-02-15T21:13:47 IST" duration-ms="688" status="PASS">
          <reporter-output>
          </reporter-output>
        </test-method> <!-- delete_Article -->
        <test-method is-config="true" signature="teardown(org.testng.ITestResult)[pri:0, instance:testScripts.Article_Test@4fdf8f12]" started-at="2024-02-15T21:13:47 IST" name="teardown" finished-at="2024-02-15T21:13:47 IST" duration-ms="1" status="PASS">
          <params>
            <param index="0">
              <value>
                <![CDATA[[TestResult name=delete_Article status=SUCCESS method=Article_Test.delete_Article()[pri:4, instance:testScripts.Article_Test@4fdf8f12] output={null}]]]>
              </value>
            </param>
          </params>
          <reporter-output>
          </reporter-output>
        </test-method> <!-- teardown -->
        <test-method is-config="true" signature="finishExtent()[pri:0, instance:testScripts.Article_Test@4fdf8f12]" started-at="2024-02-15T21:13:47 IST" name="finishExtent" finished-at="2024-02-15T21:13:48 IST" duration-ms="658" status="PASS">
          <reporter-output>
          </reporter-output>
        </test-method> <!-- finishExtent -->
      </class> <!-- testScripts.Article_Test -->
    </test> <!-- Default test -->
  </suite> <!-- Default suite -->
</testng-results>
